<?xml version="1.0" encoding="UTF-8"?>
<robot generator="Robot 5.0.1 (Python 3.9.13 on win32)" generated="20230407 10:07:33.350" rpa="true" schemaversion="3">
<suite id="s1" name="Tasks" source="d:\Daten\dev\Robotframework\robot-order\tasks.robot">
<test id="s1-t1" name="Order robots from RobotSpareBin Industries Inc" line="127">
<kw name="Mute Run On Failure" library="RPA.RobotLogListener">
<arg>:Fill the Form</arg>
<doc>Set keywords which should not execute `SeleniumLibrary`
default behaviour of running keyword on failure.</doc>
<kw name="Get Library Instance" library="BuiltIn">
<arg>RPA.Browser</arg>
<doc>Returns the currently active instance of the specified library.</doc>
<msg timestamp="20230407 10:07:43.253" level="FAIL">No library 'RPA.Browser' found.</msg>
<status status="FAIL" starttime="20230407 10:07:43.251" endtime="20230407 10:07:43.268"/>
</kw>
<kw name="Get Library Instance" library="BuiltIn">
<arg>RPA.Browser.Selenium</arg>
<doc>Returns the currently active instance of the specified library.</doc>
<status status="PASS" starttime="20230407 10:07:43.269" endtime="20230407 10:07:43.270"/>
</kw>
<status status="PASS" starttime="20230407 10:07:43.249" endtime="20230407 10:07:43.270"/>
</kw>
<kw name="User Input Task">
<doc>Using user input
https://robotsparebinindustries.com/#/robot-order</doc>
<kw name="Add Heading" library="RPA.Assistant">
<arg>Input from User</arg>
<doc>Add a centered heading text element</doc>
<status status="PASS" starttime="20230407 10:07:43.273" endtime="20230407 10:07:43.275"/>
</kw>
<kw name="Add text input" library="RPA.Assistant">
<arg>text_input</arg>
<arg>Please enter URL</arg>
<tag>input</tag>
<doc>Add a text input element</doc>
<status status="PASS" starttime="20230407 10:07:43.277" endtime="20230407 10:07:43.280"/>
</kw>
<kw name="Add submit buttons" library="RPA.Assistant">
<arg>buttons=Submit,Cancel</arg>
<arg>default=Submit</arg>
<tag>input</tag>
<doc>Add custom submit buttons</doc>
<status status="PASS" starttime="20230407 10:07:43.282" endtime="20230407 10:07:43.284"/>
</kw>
<kw name="Run dialog" library="RPA.Assistant">
<var>${result}</var>
<tag>dialog</tag>
<doc>Create a dialog from all the defined elements and block
until the user has handled it.</doc>
<msg timestamp="20230407 10:07:43.286" level="INFO">Protecting keyword: RPA.Assistant.Run dialog</msg>
<msg timestamp="20230407 10:07:57.984" level="INFO">Log level changed from NONE to INFO.</msg>
<status status="PASS" starttime="20230407 10:07:43.285" endtime="20230407 10:07:57.984"/>
</kw>
<kw name="Set Variable" library="BuiltIn">
<var>${url}</var>
<arg>${result}[text_input]</arg>
<doc>Returns the given values which can then be assigned to a variables.</doc>
<msg timestamp="20230407 10:07:57.989" level="FAIL">Dictionary '${result}' has no key 'text_input'.</msg>
<status status="FAIL" starttime="20230407 10:07:57.985" endtime="20230407 10:07:57.990"/>
</kw>
<kw name="Log To Console" library="BuiltIn">
<arg>${url}</arg>
<doc>Logs the given message to the console.</doc>
<status status="NOT RUN" starttime="20230407 10:07:57.993" endtime="20230407 10:07:57.994"/>
</kw>
<kw name="Open the robot order Website">
<arg>${url}</arg>
<status status="NOT RUN" starttime="20230407 10:07:57.996" endtime="20230407 10:07:57.997"/>
</kw>
<status status="FAIL" starttime="20230407 10:07:43.272" endtime="20230407 10:07:58.000"/>
</kw>
<kw name="Get Orders">
<var>@{Orders}</var>
<status status="NOT RUN" starttime="20230407 10:07:58.006" endtime="20230407 10:07:58.008"/>
</kw>
<kw name="Log Orders">
<arg>@{Orders}</arg>
<status status="NOT RUN" starttime="20230407 10:07:58.013" endtime="20230407 10:07:58.015"/>
</kw>
<kw name="Close the annoying modal">
<status status="NOT RUN" starttime="20230407 10:07:58.019" endtime="20230407 10:07:58.021"/>
</kw>
<kw name="Fill the Forms">
<arg>@{Orders}</arg>
<status status="NOT RUN" starttime="20230407 10:07:58.026" endtime="20230407 10:07:58.028"/>
</kw>
<kw name="Create ZIP package from PDF files">
<status status="NOT RUN" starttime="20230407 10:07:58.032" endtime="20230407 10:07:58.034"/>
</kw>
<status status="FAIL" starttime="20230407 10:07:43.245" endtime="20230407 10:07:58.041">Dictionary '${result}' has no key 'text_input'.</status>
</test>
<doc>Orders robots from RobotSpareBin Industries Inc.
Saves the order HTML receipt as a PDF file.
Saves the screenshot of the ordered robot.
Embeds the screenshot of the robot to the PDF receipt.
Creates ZIP archive of the receipts and the images.</doc>
<status status="FAIL" starttime="20230407 10:07:33.375" endtime="20230407 10:07:58.056"/>
</suite>
<statistics>
<total>
<stat pass="0" fail="1" skip="0">All Tasks</stat>
</total>
<tag>
</tag>
<suite>
<stat pass="0" fail="1" skip="0" id="s1" name="Tasks">Tasks</stat>
</suite>
</statistics>
<errors>
</errors>
</robot>
